FILE_TYPE=LIBRARY_PARTS;
PRIMITIVE 'SMLP14BCNWT86','SMLP14BCNWT86_Other';
  PIN
    'K':
      PIN_NUMBER='(1)';
      NO_LOAD_CHECK=BOTH;
      NO_IO_CHECK=BOTH;
      ALLOW_CONNECT=TRUE;
      PINUSE='UNSPEC';
    'A':
      PIN_NUMBER='(2)';
      NO_LOAD_CHECK=BOTH;
      NO_IO_CHECK=BOTH;
      ALLOW_CONNECT=TRUE;
      PINUSE='UNSPEC';
  END_PIN;
  BODY
    PART_NAME='SMLP14BCNWT86';
    PHYS_DES_PREFIX='LED';
    NO_LOAD_CHECK='TRUE';
    PIN_COUNT='2';
    BODY_NAME='SMLP14BCNWT86';
    JEDEC_TYPE='SMLP14BCNWT86';
  END_BODY;
END_PRIMITIVE;
END.
