2026-03-29 00:28:39,521 [ERROR] LogOutputStream:75 - [STDERR_REDIRECT] Exception in thread "AWT-EventQueue-0" java.lang.ClassCastException: class sun.awt.windows.WEmbeddedFrame cannot be cast to class javax.swing.JFrame (sun.awt.windows.WEmbeddedFrame and javax.swing.JFrame are in module java.desktop of loader 'bootstrap')
2026-03-29 00:28:39,532 [ERROR] LogOutputStream:75 - [STDERR_REDIRECT] 	at com.st.microxplorer.plugins.clock.ClockConfigurationView.activatePlugin(ClockConfigurationView.java:424)
2026-03-29 00:28:39,533 [ERROR] LogOutputStream:75 - [STDERR_REDIRECT] 	at com.st.microxplorer.maingui.MainPanel$1.stateChanged(MainPanel.java:385)
2026-03-29 00:28:39,534 [ERROR] LogOutputStream:75 - [STDERR_REDIRECT] 	at java.desktop/javax.swing.JTabbedPane.fireStateChanged(JTabbedPane.java:446)
2026-03-29 00:28:39,535 [ERROR] LogOutputStream:75 - [STDERR_REDIRECT] 	at java.desktop/javax.swing.JTabbedPane$ModelListener.stateChanged(JTabbedPane.java:297)
2026-03-29 00:28:39,536 [ERROR] LogOutputStream:75 - [STDERR_REDIRECT] 	at java.desktop/javax.swing.DefaultSingleSelectionModel.fireStateChanged(DefaultSingleSelectionModel.java:148)
2026-03-29 00:28:39,536 [ERROR] LogOutputStream:75 - [STDERR_REDIRECT] 	at java.desktop/javax.swing.DefaultSingleSelectionModel.setSelectedIndex(DefaultSingleSelectionModel.java:79)
2026-03-29 00:28:39,538 [ERROR] LogOutputStream:75 - [STDERR_REDIRECT] 	at java.desktop/javax.swing.JTabbedPane.setSelectedIndexImpl(JTabbedPane.java:650)
2026-03-29 00:28:39,539 [ERROR] LogOutputStream:75 - [STDERR_REDIRECT] 	at java.desktop/javax.swing.JTabbedPane.setSelectedIndex(JTabbedPane.java:625)
2026-03-29 00:28:39,540 [ERROR] LogOutputStream:75 - [STDERR_REDIRECT] 	at java.desktop/javax.swing.plaf.basic.BasicTabbedPaneUI$Handler.mousePressed(BasicTabbedPaneUI.java:4140)
2026-03-29 00:28:39,541 [ERROR] LogOutputStream:75 - [STDERR_REDIRECT] 	at java.desktop/java.awt.Component.processMouseEvent(Component.java:6618)
2026-03-29 00:28:39,542 [ERROR] LogOutputStream:75 - [STDERR_REDIRECT] 	at java.desktop/javax.swing.JComponent.processMouseEvent(JComponent.java:3398)
2026-03-29 00:28:39,542 [ERROR] LogOutputStream:75 - [STDERR_REDIRECT] 	at java.desktop/java.awt.Component.processEvent(Component.java:6386)
2026-03-29 00:28:39,543 [ERROR] LogOutputStream:75 - [STDERR_REDIRECT] 	at java.desktop/java.awt.Container.processEvent(Container.java:2266)
2026-03-29 00:28:39,543 [ERROR] LogOutputStream:75 - [STDERR_REDIRECT] 	at java.desktop/java.awt.Component.dispatchEventImpl(Component.java:4996)
2026-03-29 00:28:39,544 [ERROR] LogOutputStream:75 - [STDERR_REDIRECT] 	at java.desktop/java.awt.Container.dispatchEventImpl(Container.java:2324)
2026-03-29 00:28:39,544 [ERROR] LogOutputStream:75 - [STDERR_REDIRECT] 	at java.desktop/java.awt.Component.dispatchEvent(Component.java:4828)
2026-03-29 00:28:39,545 [ERROR] LogOutputStream:75 - [STDERR_REDIRECT] 	at java.desktop/java.awt.LightweightDispatcher.retargetMouseEvent(Container.java:4948)
2026-03-29 00:28:39,545 [ERROR] LogOutputStream:75 - [STDERR_REDIRECT] 	at java.desktop/java.awt.LightweightDispatcher.processMouseEvent(Container.java:4572)
2026-03-29 00:28:39,546 [ERROR] LogOutputStream:75 - [STDERR_REDIRECT] 	at java.desktop/java.awt.LightweightDispatcher.dispatchEvent(Container.java:4516)
2026-03-29 00:28:39,547 [ERROR] LogOutputStream:75 - [STDERR_REDIRECT] 	at java.desktop/java.awt.Container.dispatchEventImpl(Container.java:2310)
2026-03-29 00:28:39,547 [ERROR] LogOutputStream:75 - [STDERR_REDIRECT] 	at java.desktop/java.awt.Component.dispatchEvent(Component.java:4828)
2026-03-29 00:28:39,548 [ERROR] LogOutputStream:75 - [STDERR_REDIRECT] 	at java.desktop/java.awt.EventQueue.dispatchEventImpl(EventQueue.java:775)
2026-03-29 00:28:39,548 [ERROR] LogOutputStream:75 - [STDERR_REDIRECT] 	at java.desktop/java.awt.EventQueue$4.run(EventQueue.java:720)
2026-03-29 00:28:39,548 [ERROR] LogOutputStream:75 - [STDERR_REDIRECT] 	at java.desktop/java.awt.EventQueue$4.run(EventQueue.java:714)
2026-03-29 00:28:39,549 [ERROR] LogOutputStream:75 - [STDERR_REDIRECT] 	at java.base/java.security.AccessController.doPrivileged(AccessController.java:400)
2026-03-29 00:28:39,550 [ERROR] LogOutputStream:75 - [STDERR_REDIRECT] 	at java.base/java.security.ProtectionDomain$JavaSecurityAccessImpl.doIntersectionPrivilege(ProtectionDomain.java:87)
2026-03-29 00:28:39,551 [ERROR] LogOutputStream:75 - [STDERR_REDIRECT] 	at java.base/java.security.ProtectionDomain$JavaSecurityAccessImpl.doIntersectionPrivilege(ProtectionDomain.java:98)
2026-03-29 00:28:39,552 [ERROR] LogOutputStream:75 - [STDERR_REDIRECT] 	at java.desktop/java.awt.EventQueue$5.run(EventQueue.java:747)
2026-03-29 00:28:39,552 [ERROR] LogOutputStream:75 - [STDERR_REDIRECT] 	at java.desktop/java.awt.EventQueue$5.run(EventQueue.java:745)
2026-03-29 00:28:39,553 [ERROR] LogOutputStream:75 - [STDERR_REDIRECT] 	at java.base/java.security.AccessController.doPrivileged(AccessController.java:400)
2026-03-29 00:28:39,554 [ERROR] LogOutputStream:75 - [STDERR_REDIRECT] 	at java.base/java.security.ProtectionDomain$JavaSecurityAccessImpl.doIntersectionPrivilege(ProtectionDomain.java:87)
2026-03-29 00:28:39,554 [ERROR] LogOutputStream:75 - [STDERR_REDIRECT] 	at java.desktop/java.awt.EventQueue.dispatchEvent(EventQueue.java:744)
2026-03-29 00:28:39,555 [ERROR] LogOutputStream:75 - [STDERR_REDIRECT] 	at java.desktop/java.awt.EventDispatchThread.pumpOneEventForFilters(EventDispatchThread.java:203)
2026-03-29 00:28:39,556 [ERROR] LogOutputStream:75 - [STDERR_REDIRECT] 	at java.desktop/java.awt.EventDispatchThread.pumpEventsForFilter(EventDispatchThread.java:124)
2026-03-29 00:28:39,556 [ERROR] LogOutputStream:75 - [STDERR_REDIRECT] 	at java.desktop/java.awt.EventDispatchThread.pumpEventsForHierarchy(EventDispatchThread.java:113)
2026-03-29 00:28:39,556 [ERROR] LogOutputStream:75 - [STDERR_REDIRECT] 	at java.desktop/java.awt.EventDispatchThread.pumpEvents(EventDispatchThread.java:109)
2026-03-29 00:28:39,558 [ERROR] LogOutputStream:75 - [STDERR_REDIRECT] 	at java.desktop/java.awt.EventDispatchThread.pumpEvents(EventDispatchThread.java:101)
2026-03-29 00:28:39,558 [ERROR] LogOutputStream:75 - [STDERR_REDIRECT] 	at java.desktop/java.awt.EventDispatchThread.run(EventDispatchThread.java:90)
2026-03-29 00:29:08,534 [INFO] UtilMem:75 - End SaveConfig() Used Memory: 957323288 Bytes (1073741824)
2026-03-29 00:29:10,624 [INFO] UtilMem:75 - End SaveConfig() Used Memory: 866874944 Bytes (1073741824)
2026-03-29 00:29:10,861 [INFO] BlockDiagram:2775 - set Specific Code input for plugin: RCC
2026-03-29 00:29:10,861 [INFO] BlockDiagram:2775 - set Specific Code input for plugin: USART
2026-03-29 00:29:10,861 [INFO] BlockDiagram:2775 - set Specific Code input for plugin: MEMORYMAP
2026-03-29 00:29:10,861 [INFO] BlockDiagram:2775 - set Specific Code input for plugin: SYS
2026-03-29 00:29:10,861 [INFO] BlockDiagram:2775 - set Specific Code input for plugin: NVIC
2026-03-29 00:29:10,861 [INFO] BlockDiagram:2775 - set Specific Code input for plugin: CORTEX_M7
2026-03-29 00:29:10,861 [INFO] BlockDiagram:2775 - set Specific Code input for plugin: DEBUG
2026-03-29 00:29:10,861 [INFO] BlockDiagram:2775 - set Specific Code input for plugin: GPIO
2026-03-29 00:29:10,862 [INFO] CodeGenerator:892 - code generatio: config db path: E:\STM32CubeIDE_1.19.0\STM32CubeIDE\plugins\com.st.stm32cube.common.mx_6.15.0.202507011659\\db\
2026-03-29 00:29:10,949 [INFO] CodeEngine:265 - oldGeneratedFile, E:\altium_projects\stm32_custom_bootloader\custom_bootloader_controllers_tech_application\MXTmpFiles\license.tmp_save
2026-03-29 00:29:11,042 [INFO] CodeEngine:289 - Generated code: E:\altium_projects\stm32_custom_bootloader\custom_bootloader_controllers_tech_application\MXTmpFiles\license.tmp
2026-03-29 00:29:11,064 [INFO] CodeEngine:265 - oldGeneratedFile, E:\altium_projects\stm32_custom_bootloader\custom_bootloader_controllers_tech_application\Core\Src\gpio.c_save
2026-03-29 00:29:11,130 [INFO] CodeEngine:289 - Generated code: E:\altium_projects\stm32_custom_bootloader\custom_bootloader_controllers_tech_application\Core\Src\gpio.c
2026-03-29 00:29:11,133 [INFO] CodeEngine:265 - oldGeneratedFile, E:\altium_projects\stm32_custom_bootloader\custom_bootloader_controllers_tech_application\Core\Inc\gpio.h_save
2026-03-29 00:29:11,179 [INFO] CodeEngine:289 - Generated code: E:\altium_projects\stm32_custom_bootloader\custom_bootloader_controllers_tech_application\Core\Inc\gpio.h
2026-03-29 00:29:11,199 [WARN] IPConfigManager:103 - WARNING: Missing Config File for DEBUG ip!!
2026-03-29 00:29:11,233 [WARN] IPConfigManager:103 - WARNING: Missing Config File for MEMORYMAP ip!!
2026-03-29 00:29:11,366 [INFO] CodeEngine:265 - oldGeneratedFile, E:\altium_projects\stm32_custom_bootloader\custom_bootloader_controllers_tech_application\MXTmpFiles\cortex.tmp_save
2026-03-29 00:29:11,413 [INFO] CodeEngine:289 - Generated code: E:\altium_projects\stm32_custom_bootloader\custom_bootloader_controllers_tech_application\MXTmpFiles\cortex.tmp
2026-03-29 00:29:11,419 [INFO] CodeEngine:265 - oldGeneratedFile, E:\altium_projects\stm32_custom_bootloader\custom_bootloader_controllers_tech_application\Core\Src\usart.c_save
2026-03-29 00:29:11,481 [INFO] CodeEngine:289 - Generated code: E:\altium_projects\stm32_custom_bootloader\custom_bootloader_controllers_tech_application\Core\Src\usart.c
2026-03-29 00:29:11,483 [INFO] CodeEngine:265 - oldGeneratedFile, E:\altium_projects\stm32_custom_bootloader\custom_bootloader_controllers_tech_application\Core\Inc\usart.h_save
2026-03-29 00:29:11,524 [INFO] CodeEngine:289 - Generated code: E:\altium_projects\stm32_custom_bootloader\custom_bootloader_controllers_tech_application\Core\Inc\usart.h
2026-03-29 00:29:11,533 [INFO] CodeEngine:265 - oldGeneratedFile, E:\altium_projects\stm32_custom_bootloader\custom_bootloader_controllers_tech_application\Core\Src\stm32h7xx_it.c_save
2026-03-29 00:29:11,579 [INFO] CodeEngine:289 - Generated code: E:\altium_projects\stm32_custom_bootloader\custom_bootloader_controllers_tech_application\Core\Src\stm32h7xx_it.c
2026-03-29 00:29:11,582 [INFO] CodeEngine:265 - oldGeneratedFile, E:\altium_projects\stm32_custom_bootloader\custom_bootloader_controllers_tech_application\Core\Inc\stm32h7xx_it.h_save
2026-03-29 00:29:11,619 [INFO] CodeEngine:289 - Generated code: E:\altium_projects\stm32_custom_bootloader\custom_bootloader_controllers_tech_application\Core\Inc\stm32h7xx_it.h
2026-03-29 00:29:11,645 [INFO] CodeEngine:265 - oldGeneratedFile, E:\altium_projects\stm32_custom_bootloader\custom_bootloader_controllers_tech_application\Core\Src\stm32h7xx_hal_msp.c_save
2026-03-29 00:29:11,701 [INFO] CodeEngine:289 - Generated code: E:\altium_projects\stm32_custom_bootloader\custom_bootloader_controllers_tech_application\Core\Src\stm32h7xx_hal_msp.c
2026-03-29 00:29:11,703 [INFO] CodeEngine:265 - oldGeneratedFile, E:\altium_projects\stm32_custom_bootloader\custom_bootloader_controllers_tech_application\MXTmpFiles\system.tmp_save
2026-03-29 00:29:11,753 [INFO] CodeEngine:289 - Generated code: E:\altium_projects\stm32_custom_bootloader\custom_bootloader_controllers_tech_application\MXTmpFiles\system.tmp
2026-03-29 00:29:11,761 [INFO] CodeEngine:321 - oldGeneratedFile, E:\altium_projects\stm32_custom_bootloader\custom_bootloader_controllers_tech_application\Core\Inc\stm32h7xx_hal_conf.h_save
2026-03-29 00:29:11,813 [INFO] CodeEngine:345 - Generated code: E:\altium_projects\stm32_custom_bootloader\custom_bootloader_controllers_tech_application\Core\Inc\stm32h7xx_hal_conf.h
2026-03-29 00:29:11,842 [INFO] ApiDbMcu:532 - Load IP Config File for USART1
2026-03-29 00:29:11,849 [INFO] CodeEngine:265 - oldGeneratedFile, E:\altium_projects\stm32_custom_bootloader\custom_bootloader_controllers_tech_application\Core\Inc\main.h_save
2026-03-29 00:29:11,900 [INFO] CodeEngine:289 - Generated code: E:\altium_projects\stm32_custom_bootloader\custom_bootloader_controllers_tech_application\Core\Inc\main.h
2026-03-29 00:29:11,904 [INFO] CodeEngine:265 - oldGeneratedFile, E:\altium_projects\stm32_custom_bootloader\custom_bootloader_controllers_tech_application\Core\Src\main.c_save
2026-03-29 00:29:11,968 [INFO] CodeEngine:289 - Generated code: E:\altium_projects\stm32_custom_bootloader\custom_bootloader_controllers_tech_application\Core\Src\main.c
2026-03-29 00:29:12,188 [INFO] ProjectBuilder:3606 - Time for Copy HAL[1] : 97mS.
2026-03-29 00:29:12,189 [INFO] ProjectBuilder:5216 - Project Generator version: 4.7.0-B52
2026-03-29 00:29:12,233 [INFO] ConfigFileManager:1595 - The Die is : DIE450
2026-03-29 00:29:12,786 [INFO] ProjectBuilder:5496 - Time for Generating toolchain IDE Files: 597mS.
2026-03-29 00:29:12,786 [INFO] ProjectBuilder:3463 - Time for Copy CMSIS : 0mS.
2026-03-29 00:29:12,788 [INFO] ProjectBuilder:3463 - Time for Copy CMSIS : 0mS.
2026-03-29 01:02:39,068 [ERROR] LogOutputStream:75 - [STDERR_REDIRECT] 
