FILE_TYPE=LIBRARY_PARTS;
PRIMITIVE 'CG0402MLU_12G','CG0402MLU_12G_Varistors Chip';
  PIN
    '1':
      PIN_NUMBER='(1)';
      NO_LOAD_CHECK=BOTH;
      NO_IO_CHECK=BOTH;
      ALLOW_CONNECT=TRUE;
      PINUSE='UNSPEC';
    '2':
      PIN_NUMBER='(2)';
      NO_LOAD_CHECK=BOTH;
      NO_IO_CHECK=BOTH;
      ALLOW_CONNECT=TRUE;
      PINUSE='UNSPEC';
  END_PIN;
  BODY
    PART_NAME='CG0402MLU_12G';
    PHYS_DES_PREFIX='RV';
    NO_LOAD_CHECK='TRUE';
    PIN_COUNT='2';
    BODY_NAME='CG0402MLU_12G';
    JEDEC_TYPE='VARC1005X41N';
  END_BODY;
END_PRIMITIVE;
END.
